{
  "uid" : "911af330b42e26aa",
  "name" : "test_new_post",
  "fullName" : "selenium_tests.test_A005_post#test_new_post",
  "historyId" : "4cd420c98e1faf01578dff70f765b357",
  "time" : {
    "start" : 1627150042047,
    "stop" : 1627150046700,
    "duration" : 4653
  },
  "status" : "failed",
  "statusMessage" : "AssertionError: assert ['Halál - Adó...Süti', 'Meki'] == ['Halál - Adó...', 'SütiMeki']\n  At index 2 diff: 'Meki' != 'SütiMeki'\n  Use -v to get the full diff",
  "statusTrace" : "def test_new_post():\n        # Bejelentkezés\n        # Sign in gombra kattintás\n        driver.find_element_by_xpath('//*[@id=\"app\"]/nav/div/ul/li[2]/a').click()\n        driver.implicitly_wait(10)\n    \n        # Bejelentkezési adatok kitöltése\n        driver.find_element_by_xpath('//*[@id=\"app\"]/div/div/div/div/form/fieldset[1]/input').send_keys(\n            'testuser1@example.com')\n        driver.find_element_by_xpath('//*[@id=\"app\"]/div/div/div/div/form/fieldset[2]/input').send_keys('Abcd123$')\n        driver.find_element_by_xpath('//*[@id=\"app\"]/div/div/div/div/form/button').click()\n        driver.implicitly_wait(10)\n    \n        driver.find_element_by_xpath('//a[@href=\"#/editor\"]').click()\n        driver.implicitly_wait(10)\n    \n        a_title = driver.find_element_by_xpath('//*[@id=\"app\"]/div/div/div/div/form/fieldset/fieldset[1]/input')\n        a_about = driver.find_element_by_xpath('//*[@id=\"app\"]/div/div/div/div/form/fieldset/fieldset[2]/input')\n        a_article = driver.find_element_by_xpath('//*[@id=\"app\"]/div/div/div/div/form/fieldset/fieldset[3]/textarea')\n        a_tag = driver.find_element_by_xpath('//*[@id=\"app\"]/div/div/div/div/form/fieldset/fieldset[4]/div/div/ul/li/input')\n    \n        with open('selenium_tests/data_in.csv', encoding='UTF-8') as csvfile:\n            csvreader = csv.reader(csvfile, delimiter=';')\n            next(csvreader)\n    \n            for row in csvreader:\n                a_title.send_keys(row[0])\n                a_about.send_keys(row[1])\n                a_article.send_keys(row[2])\n                a_tag.send_keys(row[3])\n                driver.implicitly_wait(3)\n                driver.find_element_by_xpath('//*[@id=\"app\"]/div/div/div/div/form/button').click()\n                driver.implicitly_wait(3)\n                driver.find_element_by_xpath('//a[@href=\"#/editor\"]').click()\n                driver.implicitly_wait(3)\n    \n        driver.find_element_by_xpath('//*[@id=\"app\"]/nav/div/ul/li[1]/a').click()\n        driver.implicitly_wait(10)\n    \n        posted_titles = driver.find_elements_by_xpath('//h1')\n        posted_about = driver.find_elements_by_xpath('//a/p')\n        posted_tag = driver.find_elements_by_xpath('//a/div/a')\n    \n        posted_titles_list = [posted_titles[-3].text, posted_titles[-2].text, posted_titles[-1].text]\n        posted_about_list = [posted_about[-3].text, posted_about[-2].text, posted_about[-1].text]\n        posted_tag_list = [posted_tag[-3].text, posted_tag[-2].text, posted_tag[-1].text]\n    \n        titles_list = []\n        about_list = []\n        tag_list = []\n    \n        def assert_data(data_list_row, data_list, posted_list):\n            with open('selenium_tests/data_in.csv', encoding='UTF-8') as csvfile:\n                csvreader = csv.reader(csvfile, delimiter=';')\n                next(csvreader)\n                for row in csvreader:\n                    data_list.append(row[data_list_row])\n    \n            assert (data_list == posted_list)\n    \n>       assert_data(0, titles_list, posted_titles_list)\n\nselenium_tests/test_A005_post.py:80: \n_ _ _ _ _ _ _ _ _ _ _ _ _ _ _ _ _ _ _ _ _ _ _ _ _ _ _ _ _ _ _ _ _ _ _ _ _ _ _ _ \n\ndata_list_row = 0, data_list = ['Halál - Adó', 'Süti', 'Meki']\nposted_list = ['Halál - Adó', 'Süti', 'SütiMeki']\n\n    def assert_data(data_list_row, data_list, posted_list):\n        with open('selenium_tests/data_in.csv', encoding='UTF-8') as csvfile:\n            csvreader = csv.reader(csvfile, delimiter=';')\n            next(csvreader)\n            for row in csvreader:\n                data_list.append(row[data_list_row])\n    \n>       assert (data_list == posted_list)\nE       AssertionError: assert ['Halál - Adó...Süti', 'Meki'] == ['Halál - Adó...', 'SütiMeki']\nE         At index 2 diff: 'Meki' != 'SütiMeki'\nE         Use -v to get the full diff\n\nselenium_tests/test_A005_post.py:78: AssertionError",
  "flaky" : false,
  "newFailed" : false,
  "beforeStages" : [ ],
  "afterStages" : [ ],
  "labels" : [ {
    "name" : "parentSuite",
    "value" : "selenium_tests"
  }, {
    "name" : "suite",
    "value" : "test_A005_post"
  }, {
    "name" : "host",
    "value" : "fv-az83-685"
  }, {
    "name" : "thread",
    "value" : "4267-MainThread"
  }, {
    "name" : "framework",
    "value" : "pytest"
  }, {
    "name" : "language",
    "value" : "cpython3"
  }, {
    "name" : "package",
    "value" : "selenium_tests.test_A005_post"
  }, {
    "name" : "resultFormat",
    "value" : "allure2"
  } ],
  "parameters" : [ ],
  "links" : [ ],
  "hidden" : false,
  "retry" : false,
  "extra" : {
    "severity" : "normal",
    "retries" : [ ],
    "categories" : [ {
      "name" : "Product defects",
      "matchedStatuses" : [ ],
      "flaky" : false
    } ],
    "history" : {
      "statistic" : {
        "failed" : 1,
        "broken" : 6,
        "skipped" : 0,
        "passed" : 0,
        "unknown" : 0,
        "total" : 7
      },
      "items" : [ {
        "uid" : "633f738a1340b735",
        "reportUrl" : "https://garazoli.github.io/conduit/26//#testresult/633f738a1340b735",
        "status" : "broken",
        "statusDetails" : "selenium.common.exceptions.ElementClickInterceptedException: Message: element click intercepted: Element <a href=\"#/editor\" class=\"nav-link\">...</a> is not clickable at point (445, 26). Other element would receive the click: <div class=\"swal-overlay swal-overlay--show-modal\" tabindex=\"-1\">...</div>\n  (Session info: headless chrome=91.0.4472.164)",
        "time" : {
          "start" : 1627149376023,
          "stop" : 1627149380341,
          "duration" : 4318
        }
      }, {
        "uid" : "b68e2b83167505ef",
        "reportUrl" : "https://garazoli.github.io/conduit/25//#testresult/b68e2b83167505ef",
        "status" : "broken",
        "statusDetails" : "FileNotFoundError: [Errno 2] No such file or directory: 'data_in.csv'",
        "time" : {
          "start" : 1627148816134,
          "stop" : 1627148817021,
          "duration" : 887
        }
      }, {
        "uid" : "4c12aacc7033dd77",
        "reportUrl" : "https://garazoli.github.io/conduit/24//#testresult/4c12aacc7033dd77",
        "status" : "broken",
        "statusDetails" : "selenium.common.exceptions.StaleElementReferenceException: Message: stale element reference: element is not attached to the page document\n  (Session info: headless chrome=91.0.4472.164)",
        "time" : {
          "start" : 1627147892491,
          "stop" : 1627147894436,
          "duration" : 1945
        }
      }, {
        "uid" : "f7407a7392ecf4c2",
        "reportUrl" : "https://garazoli.github.io/conduit/23//#testresult/f7407a7392ecf4c2",
        "status" : "broken",
        "statusDetails" : "selenium.common.exceptions.ElementClickInterceptedException: Message: element click intercepted: Element <a href=\"#/editor\" class=\"nav-link\">...</a> is not clickable at point (637, 26). Other element would receive the click: <a href=\"#/@testuser1/\" class=\"nav-link\">...</a>\n  (Session info: headless chrome=91.0.4472.164)",
        "time" : {
          "start" : 1627147349171,
          "stop" : 1627147350461,
          "duration" : 1290
        }
      }, {
        "uid" : "2ef9933321a48348",
        "reportUrl" : "https://garazoli.github.io/conduit/22//#testresult/2ef9933321a48348",
        "status" : "broken",
        "statusDetails" : "selenium.common.exceptions.ElementClickInterceptedException: Message: element click intercepted: Element <a href=\"#/editor\" class=\"nav-link\">...</a> is not clickable at point (637, 26). Other element would receive the click: <a href=\"#/@testuser1/\" class=\"nav-link\">...</a>\n  (Session info: headless chrome=91.0.4472.164)",
        "time" : {
          "start" : 1627146875692,
          "stop" : 1627146877068,
          "duration" : 1376
        }
      }, {
        "uid" : "1712237ff68ebe0a",
        "reportUrl" : "https://garazoli.github.io/conduit/21//#testresult/1712237ff68ebe0a",
        "status" : "broken",
        "statusDetails" : "selenium.common.exceptions.ElementClickInterceptedException: Message: element click intercepted: Element <a href=\"#/editor\" class=\"nav-link\">...</a> is not clickable at point (637, 26). Other element would receive the click: <a href=\"#/@testuser1/\" class=\"nav-link\">...</a>\n  (Session info: headless chrome=91.0.4472.164)",
        "time" : {
          "start" : 1627146397738,
          "stop" : 1627146399085,
          "duration" : 1347
        }
      } ]
    },
    "tags" : [ ]
  },
  "source" : "911af330b42e26aa.json",
  "parameterValues" : [ ]
}