{
  "uid" : "5932231a44211f55",
  "name" : "test_edit_email",
  "fullName" : "selenium_tests.test_A011_edit_email#test_edit_email",
  "historyId" : "a11854410c2fc3e47ccce18331334003",
  "time" : {
    "start" : 1628088488652,
    "stop" : 1628088539240,
    "duration" : 50588
  },
  "status" : "failed",
  "statusMessage" : "AssertionError: assert 'testuser2@example.com' == 'newemail@example.com'\n  - newemail@example.com\n  + testuser2@example.com",
  "statusTrace" : "def test_edit_email():\n        # Sign in gombra kattintas\n        driver.find_element_by_xpath(locators.sign_in_x).click()\n        time.sleep(10)\n    \n        # Bejelentkezesi adatok kitoltese\n        driver.find_element_by_xpath(locators.si_email_x).send_keys('testuser2@example.com')\n        driver.find_element_by_xpath(locators.si_password_x).send_keys('Abcd123$')\n        driver.find_element_by_xpath(locators.sign_in_button_x).click()\n        time.sleep(10)\n    \n        # Email megvatoztatasa\n        driver.find_element_by_xpath(locators.settings_x).click()\n        time.sleep(10)\n        driver.find_element_by_xpath(locators.new_email_x).clear()\n        driver.find_element_by_xpath(locators.new_email_x).send_keys('newemail@example.com')\n        driver.find_element_by_xpath(locators.update_button_x).click()\n        time.sleep(10)\n    \n        assert driver.find_element_by_xpath(locators.update_success_x).text == 'Update successful!'\n    \n        driver.find_element_by_xpath(locators.update_ok_button_x).click()\n        time.sleep(10)\n    \n        new_email_value = driver.find_element_by_xpath(locators.new_email_x).get_attribute('value')\n        print(new_email_value)\n>       assert new_email_value == 'newemail@example.com'\nE       AssertionError: assert 'testuser2@example.com' == 'newemail@example.com'\nE         - newemail@example.com\nE         + testuser2@example.com\n\nselenium_tests/test_A011_edit_email.py:46: AssertionError",
  "flaky" : false,
  "newFailed" : false,
  "beforeStages" : [ ],
  "testStage" : {
    "status" : "failed",
    "statusMessage" : "AssertionError: assert 'testuser2@example.com' == 'newemail@example.com'\n  - newemail@example.com\n  + testuser2@example.com",
    "statusTrace" : "def test_edit_email():\n        # Sign in gombra kattintas\n        driver.find_element_by_xpath(locators.sign_in_x).click()\n        time.sleep(10)\n    \n        # Bejelentkezesi adatok kitoltese\n        driver.find_element_by_xpath(locators.si_email_x).send_keys('testuser2@example.com')\n        driver.find_element_by_xpath(locators.si_password_x).send_keys('Abcd123$')\n        driver.find_element_by_xpath(locators.sign_in_button_x).click()\n        time.sleep(10)\n    \n        # Email megvatoztatasa\n        driver.find_element_by_xpath(locators.settings_x).click()\n        time.sleep(10)\n        driver.find_element_by_xpath(locators.new_email_x).clear()\n        driver.find_element_by_xpath(locators.new_email_x).send_keys('newemail@example.com')\n        driver.find_element_by_xpath(locators.update_button_x).click()\n        time.sleep(10)\n    \n        assert driver.find_element_by_xpath(locators.update_success_x).text == 'Update successful!'\n    \n        driver.find_element_by_xpath(locators.update_ok_button_x).click()\n        time.sleep(10)\n    \n        new_email_value = driver.find_element_by_xpath(locators.new_email_x).get_attribute('value')\n        print(new_email_value)\n>       assert new_email_value == 'newemail@example.com'\nE       AssertionError: assert 'testuser2@example.com' == 'newemail@example.com'\nE         - newemail@example.com\nE         + testuser2@example.com\n\nselenium_tests/test_A011_edit_email.py:46: AssertionError",
    "steps" : [ ],
    "attachments" : [ {
      "uid" : "bc4307a12416002e",
      "name" : "stdout",
      "source" : "bc4307a12416002e.txt",
      "type" : "text/plain",
      "size" : 22
    } ],
    "parameters" : [ ],
    "stepsCount" : 0,
    "attachmentsCount" : 1,
    "shouldDisplayMessage" : true,
    "hasContent" : true
  },
  "afterStages" : [ ],
  "labels" : [ {
    "name" : "parentSuite",
    "value" : "selenium_tests"
  }, {
    "name" : "suite",
    "value" : "test_A011_edit_email"
  }, {
    "name" : "host",
    "value" : "fv-az39-971"
  }, {
    "name" : "thread",
    "value" : "3662-MainThread"
  }, {
    "name" : "framework",
    "value" : "pytest"
  }, {
    "name" : "language",
    "value" : "cpython3"
  }, {
    "name" : "package",
    "value" : "selenium_tests.test_A011_edit_email"
  }, {
    "name" : "resultFormat",
    "value" : "allure2"
  } ],
  "parameters" : [ ],
  "links" : [ ],
  "hidden" : false,
  "retry" : false,
  "extra" : {
    "severity" : "normal",
    "retries" : [ ],
    "categories" : [ {
      "name" : "Product defects",
      "matchedStatuses" : [ ],
      "flaky" : false
    } ],
    "history" : {
      "statistic" : {
        "failed" : 3,
        "broken" : 0,
        "skipped" : 0,
        "passed" : 0,
        "unknown" : 0,
        "total" : 3
      },
      "items" : [ {
        "uid" : "88492194cc4a0b99",
        "reportUrl" : "https://garazoli.github.io/conduit/63//#testresult/88492194cc4a0b99",
        "status" : "failed",
        "statusDetails" : "AssertionError: assert 'testuser2@example.com' == 'newemail@example.com'\n  - newemail@example.com\n  + testuser2@example.com",
        "time" : {
          "start" : 1628088500217,
          "stop" : 1628088550795,
          "duration" : 50578
        }
      }, {
        "uid" : "cd6de6254809e3f7",
        "reportUrl" : "https://garazoli.github.io/conduit/62//#testresult/cd6de6254809e3f7",
        "status" : "failed",
        "statusDetails" : "AssertionError: assert 'testuser2@example.com' == 'newemail@example.com'\n  - newemail@example.com\n  + testuser2@example.com",
        "time" : {
          "start" : 1628088199365,
          "stop" : 1628088249906,
          "duration" : 50541
        }
      } ]
    },
    "tags" : [ ]
  },
  "source" : "5932231a44211f55.json",
  "parameterValues" : [ ]
}