{
  "uid" : "9321ae0d204c67bf",
  "name" : "test_reg",
  "fullName" : "selenium_tests.test_A001_registration#test_reg",
  "historyId" : "a97c9e4c1f23c711b87b6900c19d02b1",
  "time" : {
    "start" : 1628086385583,
    "stop" : 1628086416730,
    "duration" : 31147
  },
  "status" : "broken",
  "statusMessage" : "selenium.common.exceptions.NoSuchElementException: Message: no such element: Unable to locate element: {\"method\":\"xpath\",\"selector\":\"/html/body/div[2]/div/div[2]\"}\n  (Session info: headless chrome=92.0.4515.131)",
  "statusTrace" : "def test_reg():\n        # Random username és email generálás\n        class MyRND:\n            chars = string.ascii_lowercase\n    \n            @classmethod\n            def uname(cls):\n                return \"\".join([random.choice(cls.chars) for _ in range(8)])\n    \n        random_user = MyRND.uname()\n    \n        # Sign up gombra kattintás\n        driver.find_element_by_xpath(locators.sign_up_x).click()\n        driver.implicitly_wait(10)\n    \n        # Kitöltendő mezők kinyerése\n        username = driver.find_element_by_xpath(locators.username_x)\n        email = driver.find_element_by_xpath(locators.email_x)\n        password = driver.find_element_by_xpath(locators.password_x)\n        sign_up_button = driver.find_element_by_xpath(locators.sign_up_button_x)\n        driver.implicitly_wait(10)\n    \n        # Mezők kitöltése tesztadatokkal\n        username.send_keys(random_user)\n        email.send_keys(random_user + '@example.com')\n        password.send_keys('Abcd123$')\n        sign_up_button.click()\n        driver.implicitly_wait(30)\n    \n        # A regisztráció sikerességének ellenőrzése\n>       popup_text = driver.find_element_by_xpath(locators.reg_message_x)\n\nselenium_tests/test_A001_registration.py:52: \n_ _ _ _ _ _ _ _ _ _ _ _ _ _ _ _ _ _ _ _ _ _ _ _ _ _ _ _ _ _ _ _ _ _ _ _ _ _ _ _ \n/opt/hostedtoolcache/Python/3.9.5/x64/lib/python3.9/site-packages/selenium/webdriver/remote/webdriver.py:394: in find_element_by_xpath\n    return self.find_element(by=By.XPATH, value=xpath)\n/opt/hostedtoolcache/Python/3.9.5/x64/lib/python3.9/site-packages/selenium/webdriver/remote/webdriver.py:976: in find_element\n    return self.execute(Command.FIND_ELEMENT, {\n/opt/hostedtoolcache/Python/3.9.5/x64/lib/python3.9/site-packages/selenium/webdriver/remote/webdriver.py:321: in execute\n    self.error_handler.check_response(response)\n_ _ _ _ _ _ _ _ _ _ _ _ _ _ _ _ _ _ _ _ _ _ _ _ _ _ _ _ _ _ _ _ _ _ _ _ _ _ _ _ \n\nself = <selenium.webdriver.remote.errorhandler.ErrorHandler object at 0x7ff901db66d0>\nresponse = {'status': 404, 'value': '{\"value\":{\"error\":\"no such element\",\"message\":\"no such element: Unable to locate element: {\\...wn>\\\\n#15 0x55cc4eb63e58 \\\\u003Cunknown>\\\\n#16 0x55cc4eb7ddfd \\\\u003Cunknown>\\\\n#17 0x7f6b5e03c609 start_thread\\\\n\"}}'}\n\n    def check_response(self, response):\n        \"\"\"\n        Checks that a JSON response from the WebDriver does not have an error.\n    \n        :Args:\n         - response - The JSON response from the WebDriver server as a dictionary\n           object.\n    \n        :Raises: If the response contains an error message.\n        \"\"\"\n        status = response.get('status', None)\n        if status is None or status == ErrorCode.SUCCESS:\n            return\n        value = None\n        message = response.get(\"message\", \"\")\n        screen = response.get(\"screen\", \"\")\n        stacktrace = None\n        if isinstance(status, int):\n            value_json = response.get('value', None)\n            if value_json and isinstance(value_json, basestring):\n                import json\n                try:\n                    value = json.loads(value_json)\n                    if len(value.keys()) == 1:\n                        value = value['value']\n                    status = value.get('error', None)\n                    if status is None:\n                        status = value[\"status\"]\n                        message = value[\"value\"]\n                        if not isinstance(message, basestring):\n                            value = message\n                            message = message.get('message')\n                    else:\n                        message = value.get('message', None)\n                except ValueError:\n                    pass\n    \n        exception_class = ErrorInResponseException\n        if status in ErrorCode.NO_SUCH_ELEMENT:\n            exception_class = NoSuchElementException\n        elif status in ErrorCode.NO_SUCH_FRAME:\n            exception_class = NoSuchFrameException\n        elif status in ErrorCode.NO_SUCH_WINDOW:\n            exception_class = NoSuchWindowException\n        elif status in ErrorCode.STALE_ELEMENT_REFERENCE:\n            exception_class = StaleElementReferenceException\n        elif status in ErrorCode.ELEMENT_NOT_VISIBLE:\n            exception_class = ElementNotVisibleException\n        elif status in ErrorCode.INVALID_ELEMENT_STATE:\n            exception_class = InvalidElementStateException\n        elif status in ErrorCode.INVALID_SELECTOR \\\n                or status in ErrorCode.INVALID_XPATH_SELECTOR \\\n                or status in ErrorCode.INVALID_XPATH_SELECTOR_RETURN_TYPER:\n            exception_class = InvalidSelectorException\n        elif status in ErrorCode.ELEMENT_IS_NOT_SELECTABLE:\n            exception_class = ElementNotSelectableException\n        elif status in ErrorCode.ELEMENT_NOT_INTERACTABLE:\n            exception_class = ElementNotInteractableException\n        elif status in ErrorCode.INVALID_COOKIE_DOMAIN:\n            exception_class = InvalidCookieDomainException\n        elif status in ErrorCode.UNABLE_TO_SET_COOKIE:\n            exception_class = UnableToSetCookieException\n        elif status in ErrorCode.TIMEOUT:\n            exception_class = TimeoutException\n        elif status in ErrorCode.SCRIPT_TIMEOUT:\n            exception_class = TimeoutException\n        elif status in ErrorCode.UNKNOWN_ERROR:\n            exception_class = WebDriverException\n        elif status in ErrorCode.UNEXPECTED_ALERT_OPEN:\n            exception_class = UnexpectedAlertPresentException\n        elif status in ErrorCode.NO_ALERT_OPEN:\n            exception_class = NoAlertPresentException\n        elif status in ErrorCode.IME_NOT_AVAILABLE:\n            exception_class = ImeNotAvailableException\n        elif status in ErrorCode.IME_ENGINE_ACTIVATION_FAILED:\n            exception_class = ImeActivationFailedException\n        elif status in ErrorCode.MOVE_TARGET_OUT_OF_BOUNDS:\n            exception_class = MoveTargetOutOfBoundsException\n        elif status in ErrorCode.JAVASCRIPT_ERROR:\n            exception_class = JavascriptException\n        elif status in ErrorCode.SESSION_NOT_CREATED:\n            exception_class = SessionNotCreatedException\n        elif status in ErrorCode.INVALID_ARGUMENT:\n            exception_class = InvalidArgumentException\n        elif status in ErrorCode.NO_SUCH_COOKIE:\n            exception_class = NoSuchCookieException\n        elif status in ErrorCode.UNABLE_TO_CAPTURE_SCREEN:\n            exception_class = ScreenshotException\n        elif status in ErrorCode.ELEMENT_CLICK_INTERCEPTED:\n            exception_class = ElementClickInterceptedException\n        elif status in ErrorCode.INSECURE_CERTIFICATE:\n            exception_class = InsecureCertificateException\n        elif status in ErrorCode.INVALID_COORDINATES:\n            exception_class = InvalidCoordinatesException\n        elif status in ErrorCode.INVALID_SESSION_ID:\n            exception_class = InvalidSessionIdException\n        elif status in ErrorCode.UNKNOWN_METHOD:\n            exception_class = UnknownMethodException\n        else:\n            exception_class = WebDriverException\n        if value == '' or value is None:\n            value = response['value']\n        if isinstance(value, basestring):\n            if exception_class == ErrorInResponseException:\n                raise exception_class(response, value)\n            raise exception_class(value)\n        if message == \"\" and 'message' in value:\n            message = value['message']\n    \n        screen = None\n        if 'screen' in value:\n            screen = value['screen']\n    \n        stacktrace = None\n        if 'stackTrace' in value and value['stackTrace']:\n            stacktrace = []\n            try:\n                for frame in value['stackTrace']:\n                    line = self._value_or_default(frame, 'lineNumber', '')\n                    file = self._value_or_default(frame, 'fileName', '<anonymous>')\n                    if line:\n                        file = \"%s:%s\" % (file, line)\n                    meth = self._value_or_default(frame, 'methodName', '<anonymous>')\n                    if 'className' in frame:\n                        meth = \"%s.%s\" % (frame['className'], meth)\n                    msg = \"    at %s (%s)\"\n                    msg = msg % (meth, file)\n                    stacktrace.append(msg)\n            except TypeError:\n                pass\n        if exception_class == ErrorInResponseException:\n            raise exception_class(response, message)\n        elif exception_class == UnexpectedAlertPresentException:\n            alert_text = None\n            if 'data' in value:\n                alert_text = value['data'].get('text')\n            elif 'alert' in value:\n                alert_text = value['alert'].get('text')\n            raise exception_class(message, screen, stacktrace, alert_text)\n>       raise exception_class(message, screen, stacktrace)\nE       selenium.common.exceptions.NoSuchElementException: Message: no such element: Unable to locate element: {\"method\":\"xpath\",\"selector\":\"/html/body/div[2]/div/div[2]\"}\nE         (Session info: headless chrome=92.0.4515.131)\n\n/opt/hostedtoolcache/Python/3.9.5/x64/lib/python3.9/site-packages/selenium/webdriver/remote/errorhandler.py:242: NoSuchElementException",
  "flaky" : false,
  "newFailed" : false,
  "beforeStages" : [ ],
  "afterStages" : [ ],
  "labels" : [ {
    "name" : "parentSuite",
    "value" : "selenium_tests"
  }, {
    "name" : "suite",
    "value" : "test_A001_registration"
  }, {
    "name" : "host",
    "value" : "fv-az83-307"
  }, {
    "name" : "thread",
    "value" : "3669-MainThread"
  }, {
    "name" : "framework",
    "value" : "pytest"
  }, {
    "name" : "language",
    "value" : "cpython3"
  }, {
    "name" : "package",
    "value" : "selenium_tests.test_A001_registration"
  }, {
    "name" : "resultFormat",
    "value" : "allure2"
  } ],
  "parameters" : [ ],
  "links" : [ ],
  "hidden" : false,
  "retry" : false,
  "extra" : {
    "severity" : "normal",
    "retries" : [ ],
    "categories" : [ {
      "name" : "Test defects",
      "matchedStatuses" : [ ],
      "flaky" : false
    } ],
    "history" : {
      "statistic" : {
        "failed" : 15,
        "broken" : 2,
        "skipped" : 0,
        "passed" : 20,
        "unknown" : 0,
        "total" : 37
      },
      "items" : [ {
        "uid" : "2e5df7aef8f8fd35",
        "reportUrl" : "https://garazoli.github.io/conduit/56//#testresult/2e5df7aef8f8fd35",
        "status" : "passed",
        "time" : {
          "start" : 1628085758831,
          "stop" : 1628085761685,
          "duration" : 2854
        }
      }, {
        "uid" : "b36fdcef70f19cee",
        "reportUrl" : "https://garazoli.github.io/conduit/54//#testresult/b36fdcef70f19cee",
        "status" : "failed",
        "statusDetails" : "AssertionError: assert '' == 'Welcome!'\n  - Welcome!",
        "time" : {
          "start" : 1628085424982,
          "stop" : 1628085427548,
          "duration" : 2566
        }
      }, {
        "uid" : "b89aaecd79e7d6bd",
        "reportUrl" : "https://garazoli.github.io/conduit/55//#testresult/b89aaecd79e7d6bd",
        "status" : "failed",
        "statusDetails" : "AssertionError: assert '' == 'Welcome!'\n  - Welcome!",
        "time" : {
          "start" : 1628085653555,
          "stop" : 1628085656261,
          "duration" : 2706
        }
      }, {
        "uid" : "ab47a3f7f3195d17",
        "reportUrl" : "https://garazoli.github.io/conduit/53//#testresult/ab47a3f7f3195d17",
        "status" : "failed",
        "statusDetails" : "AssertionError: assert '' == 'Welcome!'\n  - Welcome!",
        "time" : {
          "start" : 1628085207275,
          "stop" : 1628085209522,
          "duration" : 2247
        }
      }, {
        "uid" : "d0cd4ba76a359aa8",
        "reportUrl" : "https://garazoli.github.io/conduit/52//#testresult/d0cd4ba76a359aa8",
        "status" : "passed",
        "time" : {
          "start" : 1628012929419,
          "stop" : 1628012933566,
          "duration" : 4147
        }
      }, {
        "uid" : "8dd5834b87a8ed99",
        "reportUrl" : "https://garazoli.github.io/conduit/51//#testresult/8dd5834b87a8ed99",
        "status" : "passed",
        "time" : {
          "start" : 1628012486358,
          "stop" : 1628012489810,
          "duration" : 3452
        }
      }, {
        "uid" : "1287e39433509465",
        "reportUrl" : "https://garazoli.github.io/conduit/50//#testresult/1287e39433509465",
        "status" : "passed",
        "time" : {
          "start" : 1628012055860,
          "stop" : 1628012059287,
          "duration" : 3427
        }
      }, {
        "uid" : "165a5f1a4fb50c1a",
        "reportUrl" : "https://garazoli.github.io/conduit/49//#testresult/165a5f1a4fb50c1a",
        "status" : "failed",
        "statusDetails" : "AssertionError: assert '' == 'Welcome!'\n  - Welcome!",
        "time" : {
          "start" : 1628011517548,
          "stop" : 1628011521344,
          "duration" : 3796
        }
      }, {
        "uid" : "b2a4aa5155410c04",
        "reportUrl" : "https://garazoli.github.io/conduit/48//#testresult/b2a4aa5155410c04",
        "status" : "passed",
        "time" : {
          "start" : 1628010905380,
          "stop" : 1628010909543,
          "duration" : 4163
        }
      }, {
        "uid" : "7f073e7cfd3fb327",
        "reportUrl" : "https://garazoli.github.io/conduit/47//#testresult/7f073e7cfd3fb327",
        "status" : "failed",
        "statusDetails" : "AssertionError: assert '' == 'Welcome!'\n  - Welcome!",
        "time" : {
          "start" : 1628009905092,
          "stop" : 1628009908150,
          "duration" : 3058
        }
      }, {
        "uid" : "abe1251bc16909f2",
        "reportUrl" : "https://garazoli.github.io/conduit/46//#testresult/abe1251bc16909f2",
        "status" : "passed",
        "time" : {
          "start" : 1627752756159,
          "stop" : 1627752759088,
          "duration" : 2929
        }
      }, {
        "uid" : "a7efca99d6335a2d",
        "reportUrl" : "https://garazoli.github.io/conduit/45//#testresult/a7efca99d6335a2d",
        "status" : "broken",
        "statusDetails" : "AttributeError: 'str' object has no attribute 'click'",
        "time" : {
          "start" : 1627752253761,
          "stop" : 1627752256701,
          "duration" : 2940
        }
      }, {
        "uid" : "314bea5c2808aaf2",
        "reportUrl" : "https://garazoli.github.io/conduit/44//#testresult/314bea5c2808aaf2",
        "status" : "failed",
        "statusDetails" : "AssertionError: assert '' == 'Your registr...s successful!'\n  - Your registration was successful!",
        "time" : {
          "start" : 1627207009631,
          "stop" : 1627207010160,
          "duration" : 529
        }
      }, {
        "uid" : "a34a355f7b0059c2",
        "reportUrl" : "https://garazoli.github.io/conduit/43//#testresult/a34a355f7b0059c2",
        "status" : "failed",
        "statusDetails" : "AssertionError: assert '' == 'Your registr...s successful!'\n  - Your registration was successful!",
        "time" : {
          "start" : 1627206487163,
          "stop" : 1627206487562,
          "duration" : 399
        }
      }, {
        "uid" : "40d5e76e40a99c79",
        "reportUrl" : "https://garazoli.github.io/conduit/42//#testresult/40d5e76e40a99c79",
        "status" : "failed",
        "statusDetails" : "AssertionError: assert '' == 'Your registr...s successful!'\n  - Your registration was successful!",
        "time" : {
          "start" : 1627205964326,
          "stop" : 1627205964917,
          "duration" : 591
        }
      }, {
        "uid" : "a081797f0646f8a9",
        "reportUrl" : "https://garazoli.github.io/conduit/41//#testresult/a081797f0646f8a9",
        "status" : "failed",
        "statusDetails" : "AssertionError: assert '' == 'Welcome!'\n  - Welcome!",
        "time" : {
          "start" : 1627205526728,
          "stop" : 1627205529363,
          "duration" : 2635
        }
      }, {
        "uid" : "cdff17401882edc5",
        "reportUrl" : "https://garazoli.github.io/conduit/40//#testresult/cdff17401882edc5",
        "status" : "passed",
        "time" : {
          "start" : 1627205236703,
          "stop" : 1627205240234,
          "duration" : 3531
        }
      }, {
        "uid" : "c6e3b80e03a3b072",
        "reportUrl" : "https://garazoli.github.io/conduit/39//#testresult/c6e3b80e03a3b072",
        "status" : "passed",
        "time" : {
          "start" : 1627204699039,
          "stop" : 1627204702115,
          "duration" : 3076
        }
      }, {
        "uid" : "31ee3fabe3065d5f",
        "reportUrl" : "https://garazoli.github.io/conduit/38//#testresult/31ee3fabe3065d5f",
        "status" : "passed",
        "time" : {
          "start" : 1627204205619,
          "stop" : 1627204208429,
          "duration" : 2810
        }
      }, {
        "uid" : "ede8a64ad6bc9bf6",
        "reportUrl" : "https://garazoli.github.io/conduit/37//#testresult/ede8a64ad6bc9bf6",
        "status" : "failed",
        "statusDetails" : "AssertionError: assert '' == 'Welcome!'\n  - Welcome!",
        "time" : {
          "start" : 1627203451314,
          "stop" : 1627203453360,
          "duration" : 2046
        }
      } ]
    },
    "tags" : [ ]
  },
  "source" : "9321ae0d204c67bf.json",
  "parameterValues" : [ ]
}